0 info it worked if it ends with ok
1 verbose cli [ 'C:\\Program Files\\nodejs\\node.exe',
1 verbose cli   'C:\\Program Files\\nodejs\\node_modules\\npm\\bin\\npm-cli.js',
1 verbose cli   'run',
1 verbose cli   'build-dev' ]
2 info using npm@3.10.3
3 info using node@v6.3.1
4 verbose run-script [ 'prebuild-dev', 'build-dev', 'postbuild-dev' ]
5 info lifecycle angular2-bootstrap-webpack@1.0.0~prebuild-dev: angular2-bootstrap-webpack@1.0.0
6 silly lifecycle angular2-bootstrap-webpack@1.0.0~prebuild-dev: no script for prebuild-dev, continuing
7 info lifecycle angular2-bootstrap-webpack@1.0.0~build-dev: angular2-bootstrap-webpack@1.0.0
8 verbose lifecycle angular2-bootstrap-webpack@1.0.0~build-dev: unsafe-perm in lifecycle true
9 verbose lifecycle angular2-bootstrap-webpack@1.0.0~build-dev: PATH: C:\Program Files\nodejs\node_modules\npm\bin\node-gyp-bin;C:\Users\shen_\Documents\worksapce\SGM\DMSOPS\trunk\angular2-bootstrap\node_modules\.bin;C:\Program Files\nodejs;C:\Program Files (x86)\Intel\iCLS Client\;C:\Program Files\Intel\iCLS Client\;C:\WINDOWS\system32;C:\WINDOWS;C:\WINDOWS\System32\Wbem;C:\WINDOWS\System32\WindowsPowerShell\v1.0\;C:\Program Files (x86)\Intel\Intel(R) Management Engine Components\DAL;C:\Program Files\Intel\Intel(R) Management Engine Components\DAL;C:\Program Files (x86)\Intel\Intel(R) Management Engine Components\IPT;C:\Program Files\Intel\Intel(R) Management Engine Components\IPT;C:\Program Files\nodejs\;C:\Program Files\TortoiseSVN\bin;C:\Program Files (x86)\apache-maven-3.3.3-bin\apache-maven-3.3.3\bin;C:\Program Files\Java\jdk1.7.0_79\bin;C:\Program Files (x86)\apache-ant-1.9.6-bin\apache-ant-1.9.6\bin;C:\Program Files\Git\cmd;C:\programFile\nginx-1.11.5;C:\Program Files\TortoiseGit\bin;C:\Program Files\Intel\WiFi\bin\;C:\Program Files\Common Files\Intel\WirelessCommon\;C:\programFile\Ruby23-x64\bin;C:\Users\shen_\AppData\Roaming\npm;C:\Program Files (x86)\apache-maven-3.3.3-bin\apache-maven-3.3.3;C:\Users\shen_\AppData\Local\Microsoft\WindowsApps;C:\Program Files (x86)\Microsoft VS Code\bin;C:\Program Files\Intel\WiFi\bin\;C:\Program Files\Common Files\Intel\WirelessCommon\
10 verbose lifecycle angular2-bootstrap-webpack@1.0.0~build-dev: CWD: C:\Users\shen_\Documents\worksapce\SGM\DMSOPS\trunk\angular2-bootstrap
11 silly lifecycle angular2-bootstrap-webpack@1.0.0~build-dev: Args: [ '/d /s /c',
11 silly lifecycle   'webpack --config config/webpack.dev.config.js --progress --profile --bail' ]
12 silly lifecycle angular2-bootstrap-webpack@1.0.0~build-dev: Returned: code: 4294967295  signal: null
13 info lifecycle angular2-bootstrap-webpack@1.0.0~build-dev: Failed to exec build-dev script
14 verbose stack Error: angular2-bootstrap-webpack@1.0.0 build-dev: `webpack --config config/webpack.dev.config.js --progress --profile --bail`
14 verbose stack Exit status 4294967295
14 verbose stack     at EventEmitter.<anonymous> (C:\Program Files\nodejs\node_modules\npm\lib\utils\lifecycle.js:242:16)
14 verbose stack     at emitTwo (events.js:106:13)
14 verbose stack     at EventEmitter.emit (events.js:191:7)
14 verbose stack     at ChildProcess.<anonymous> (C:\Program Files\nodejs\node_modules\npm\lib\utils\spawn.js:40:14)
14 verbose stack     at emitTwo (events.js:106:13)
14 verbose stack     at ChildProcess.emit (events.js:191:7)
14 verbose stack     at maybeClose (internal/child_process.js:852:16)
14 verbose stack     at Process.ChildProcess._handle.onexit (internal/child_process.js:215:5)
15 verbose pkgid angular2-bootstrap-webpack@1.0.0
16 verbose cwd C:\Users\shen_\Documents\worksapce\SGM\DMSOPS\trunk\angular2-bootstrap
17 error Windows_NT 10.0.14393
18 error argv "C:\\Program Files\\nodejs\\node.exe" "C:\\Program Files\\nodejs\\node_modules\\npm\\bin\\npm-cli.js" "run" "build-dev"
19 error node v6.3.1
20 error npm  v3.10.3
21 error code ELIFECYCLE
22 error angular2-bootstrap-webpack@1.0.0 build-dev: `webpack --config config/webpack.dev.config.js --progress --profile --bail`
22 error Exit status 4294967295
23 error Failed at the angular2-bootstrap-webpack@1.0.0 build-dev script 'webpack --config config/webpack.dev.config.js --progress --profile --bail'.
23 error Make sure you have the latest version of node.js and npm installed.
23 error If you do, this is most likely a problem with the angular2-bootstrap-webpack package,
23 error not with npm itself.
23 error Tell the author that this fails on your system:
23 error     webpack --config config/webpack.dev.config.js --progress --profile --bail
23 error You can get information on how to open an issue for this project with:
23 error     npm bugs angular2-bootstrap-webpack
23 error Or if that isn't available, you can get their info via:
23 error     npm owner ls angular2-bootstrap-webpack
23 error There is likely additional logging output above.
24 verbose exit [ 1, true ]
