0 info it worked if it ends with ok
1 verbose cli [ 'C:\\Program Files\\nodejs\\node.exe',
1 verbose cli   'C:\\Program Files\\nodejs\\node_modules\\npm\\bin\\npm-cli.js',
1 verbose cli   'start',
1 verbose cli   'debug' ]
2 info using npm@3.10.3
3 info using node@v6.3.1
4 verbose run-script [ 'prestart', 'start', 'poststart' ]
5 info lifecycle angularjs2-demo@1.0.0~prestart: angularjs2-demo@1.0.0
6 silly lifecycle angularjs2-demo@1.0.0~prestart: no script for prestart, continuing
7 info lifecycle angularjs2-demo@1.0.0~start: angularjs2-demo@1.0.0
8 verbose lifecycle angularjs2-demo@1.0.0~start: unsafe-perm in lifecycle true
9 verbose lifecycle angularjs2-demo@1.0.0~start: PATH: C:\Program Files\nodejs\node_modules\npm\bin\node-gyp-bin;C:\Users\shen_\Documents\worksapce\CUSTOMER\angularjs2-demo-final\node_modules\.bin;C:\Program Files\nodejs;C:\Program Files (x86)\Intel\iCLS Client\;C:\Program Files\Intel\iCLS Client\;C:\WINDOWS\system32;C:\WINDOWS;C:\WINDOWS\System32\Wbem;C:\WINDOWS\System32\WindowsPowerShell\v1.0\;C:\Program Files (x86)\Intel\Intel(R) Management Engine Components\DAL;C:\Program Files\Intel\Intel(R) Management Engine Components\DAL;C:\Program Files (x86)\Intel\Intel(R) Management Engine Components\IPT;C:\Program Files\Intel\Intel(R) Management Engine Components\IPT;C:\Program Files\nodejs\;C:\Program Files\TortoiseSVN\bin;C:\Program Files (x86)\apache-maven-3.3.3-bin\apache-maven-3.3.3\bin;C:\Program Files\Java\jdk1.7.0_79\bin;C:\Program Files (x86)\apache-ant-1.9.6-bin\apache-ant-1.9.6\bin;C:\Program Files\Git\cmd;C:\Users\shen_\AppData\Roaming\npm;C:\Program Files (x86)\Microsoft VS Code\bin;C:\Program Files (x86)\apache-maven-3.3.3-bin\apache-maven-3.3.3;C:\Users\shen_\AppData\Local\Microsoft\WindowsApps
10 verbose lifecycle angularjs2-demo@1.0.0~start: CWD: C:\Users\shen_\Documents\worksapce\CUSTOMER\angularjs2-demo-final
11 silly lifecycle angularjs2-demo@1.0.0~start: Args: [ '/d /s /c',
11 silly lifecycle   'tsc && concurrently "npm run tsc:w" "npm run lite"  "debug"' ]
12 silly lifecycle angularjs2-demo@1.0.0~start: Returned: code: 1  signal: null
13 info lifecycle angularjs2-demo@1.0.0~start: Failed to exec start script
14 verbose stack Error: angularjs2-demo@1.0.0 start: `tsc && concurrently "npm run tsc:w" "npm run lite"  "debug"`
14 verbose stack Exit status 1
14 verbose stack     at EventEmitter.<anonymous> (C:\Program Files\nodejs\node_modules\npm\lib\utils\lifecycle.js:242:16)
14 verbose stack     at emitTwo (events.js:106:13)
14 verbose stack     at EventEmitter.emit (events.js:191:7)
14 verbose stack     at ChildProcess.<anonymous> (C:\Program Files\nodejs\node_modules\npm\lib\utils\spawn.js:40:14)
14 verbose stack     at emitTwo (events.js:106:13)
14 verbose stack     at ChildProcess.emit (events.js:191:7)
14 verbose stack     at maybeClose (internal/child_process.js:852:16)
14 verbose stack     at Process.ChildProcess._handle.onexit (internal/child_process.js:215:5)
15 verbose pkgid angularjs2-demo@1.0.0
16 verbose cwd C:\Users\shen_\Documents\worksapce\CUSTOMER\angularjs2-demo-final\app
17 error Windows_NT 10.0.14393
18 error argv "C:\\Program Files\\nodejs\\node.exe" "C:\\Program Files\\nodejs\\node_modules\\npm\\bin\\npm-cli.js" "start" "debug"
19 error node v6.3.1
20 error npm  v3.10.3
21 error code ELIFECYCLE
22 error angularjs2-demo@1.0.0 start: `tsc && concurrently "npm run tsc:w" "npm run lite"  "debug"`
22 error Exit status 1
23 error Failed at the angularjs2-demo@1.0.0 start script 'tsc && concurrently "npm run tsc:w" "npm run lite"  "debug"'.
23 error Make sure you have the latest version of node.js and npm installed.
23 error If you do, this is most likely a problem with the angularjs2-demo package,
23 error not with npm itself.
23 error Tell the author that this fails on your system:
23 error     tsc && concurrently "npm run tsc:w" "npm run lite"  "debug"
23 error You can get information on how to open an issue for this project with:
23 error     npm bugs angularjs2-demo
23 error Or if that isn't available, you can get their info via:
23 error     npm owner ls angularjs2-demo
23 error There is likely additional logging output above.
24 verbose exit [ 1, true ]
